<?xml version="1.0" encoding="UTF-8"?>
<testsuite name="shopputil.ShopTest" tests="1" skipped="0" failures="0" errors="0" timestamp="2017-05-02T04:21:59" hostname="sam-PC" time="2.528">
  <properties/>
  <testcase name="testGetNearestShop" classname="shopputil.ShopTest" time="2.528"/>
  <system-out><![CDATA[21:21:49.519 [Test worker] DEBUG org.springframework.test.context.junit4.SpringJUnit4ClassRunner - SpringJUnit4ClassRunner constructor called with [class shopputil.ShopTest]
21:21:49.534 [Test worker] DEBUG org.springframework.test.context.BootstrapUtils - Instantiating CacheAwareContextLoaderDelegate from class [org.springframework.test.context.cache.DefaultCacheAwareContextLoaderDelegate]
21:21:49.550 [Test worker] DEBUG org.springframework.test.context.BootstrapUtils - Instantiating BootstrapContext using constructor [public org.springframework.test.context.support.DefaultBootstrapContext(java.lang.Class,org.springframework.test.context.CacheAwareContextLoaderDelegate)]
21:21:49.566 [Test worker] DEBUG org.springframework.test.context.BootstrapUtils - Instantiating TestContextBootstrapper for test class [shopputil.ShopTest] from class [org.springframework.boot.test.context.SpringBootTestContextBootstrapper]
21:21:49.597 [Test worker] INFO org.springframework.boot.test.context.SpringBootTestContextBootstrapper - Neither @ContextConfiguration nor @ContextHierarchy found for test class [shopputil.ShopTest], using SpringBootContextLoader
21:21:49.597 [Test worker] DEBUG org.springframework.test.context.support.AbstractContextLoader - Did not detect default resource location for test class [shopputil.ShopTest]: class path resource [shopputil/ShopTest-context.xml] does not exist
21:21:49.597 [Test worker] DEBUG org.springframework.test.context.support.AbstractContextLoader - Did not detect default resource location for test class [shopputil.ShopTest]: class path resource [shopputil/ShopTestContext.groovy] does not exist
21:21:49.597 [Test worker] INFO org.springframework.test.context.support.AbstractContextLoader - Could not detect default resource locations for test class [shopputil.ShopTest]: no resource found for suffixes {-context.xml, Context.groovy}.
21:21:49.659 [Test worker] DEBUG org.springframework.test.context.support.ActiveProfilesUtils - Could not find an 'annotation declaring class' for annotation type [org.springframework.test.context.ActiveProfiles] and class [shopputil.ShopTest]
21:21:49.706 [Test worker] DEBUG org.springframework.boot.test.context.SpringBootTestContextBootstrapper - @TestExecutionListeners is not present for class [shopputil.ShopTest]: using defaults.
21:21:49.706 [Test worker] INFO org.springframework.boot.test.context.SpringBootTestContextBootstrapper - Loaded default TestExecutionListener class names from location [META-INF/spring.factories]: [org.springframework.boot.test.mock.mockito.MockitoTestExecutionListener, org.springframework.boot.test.mock.mockito.ResetMocksTestExecutionListener, org.springframework.boot.test.autoconfigure.restdocs.RestDocsTestExecutionListener, org.springframework.boot.test.autoconfigure.web.client.MockRestServiceServerResetTestExecutionListener, org.springframework.boot.test.autoconfigure.web.servlet.MockMvcPrintOnlyOnFailureTestExecutionListener, org.springframework.boot.test.autoconfigure.web.servlet.WebDriverTestExecutionListener, org.springframework.test.context.web.ServletTestExecutionListener, org.springframework.test.context.support.DirtiesContextBeforeModesTestExecutionListener, org.springframework.test.context.support.DependencyInjectionTestExecutionListener, org.springframework.test.context.support.DirtiesContextTestExecutionListener, org.springframework.test.context.transaction.TransactionalTestExecutionListener, org.springframework.test.context.jdbc.SqlScriptsTestExecutionListener]
21:21:49.753 [Test worker] INFO org.springframework.boot.test.context.SpringBootTestContextBootstrapper - Using TestExecutionListeners: [org.springframework.test.context.web.ServletTestExecutionListener@5bd950, org.springframework.test.context.support.DirtiesContextBeforeModesTestExecutionListener@1bad70b, org.springframework.boot.test.autoconfigure.SpringBootDependencyInjectionTestExecutionListener@bbc4fa, org.springframework.test.context.support.DirtiesContextTestExecutionListener@3119ab, org.springframework.test.context.transaction.TransactionalTestExecutionListener@90c3e4, org.springframework.test.context.jdbc.SqlScriptsTestExecutionListener@1f75a32, org.springframework.boot.test.mock.mockito.MockitoTestExecutionListener@1f5ca22, org.springframework.boot.test.autoconfigure.restdocs.RestDocsTestExecutionListener@1137cf6, org.springframework.boot.test.autoconfigure.web.client.MockRestServiceServerResetTestExecutionListener@1b81893, org.springframework.boot.test.mock.mockito.ResetMocksTestExecutionListener@e3f89c, org.springframework.boot.test.autoconfigure.web.servlet.WebDriverTestExecutionListener@1b08538, org.springframework.boot.test.autoconfigure.web.servlet.MockMvcPrintOnlyOnFailureTestExecutionListener@19ca0b4]
21:21:49.753 [Test worker] DEBUG org.springframework.test.annotation.ProfileValueUtils - Retrieved @ProfileValueSourceConfiguration [null] for test class [shopputil.ShopTest]
21:21:49.753 [Test worker] DEBUG org.springframework.test.annotation.ProfileValueUtils - Retrieved ProfileValueSource type [class org.springframework.test.annotation.SystemProfileValueSource] for class [shopputil.ShopTest]
21:21:49.753 [Test worker] DEBUG org.springframework.test.annotation.ProfileValueUtils - Retrieved @ProfileValueSourceConfiguration [null] for test class [shopputil.ShopTest]
21:21:49.753 [Test worker] DEBUG org.springframework.test.annotation.ProfileValueUtils - Retrieved ProfileValueSource type [class org.springframework.test.annotation.SystemProfileValueSource] for class [shopputil.ShopTest]
21:21:49.768 [Test worker] DEBUG org.springframework.test.context.support.AbstractDirtiesContextTestExecutionListener - Before test class: context [DefaultTestContext@5b788e testClass = ShopTest, testInstance = [null], testMethod = [null], testException = [null], mergedContextConfiguration = [WebMergedContextConfiguration@12a04c1 testClass = ShopTest, locations = '{}', classes = '{class com.shop.MainApplication, class com.shop.MainApplication}', contextInitializerClasses = '[]', activeProfiles = '{}', propertySourceLocations = '{}', propertySourceProperties = '{org.springframework.boot.test.context.SpringBootTestContextBootstrapper=true, server.port=0}', contextCustomizers = set[org.springframework.boot.test.context.SpringBootTestContextCustomizer@1cf3951, org.springframework.boot.test.context.filter.ExcludeFilterContextCustomizer@1953688, org.springframework.boot.test.mock.mockito.MockitoContextCustomizer@0, org.springframework.boot.test.autoconfigure.properties.PropertyMappingContextCustomizer@0, org.springframework.boot.test.autoconfigure.web.servlet.WebDriverContextCustomizerFactory$Customizer@c476d8], resourceBasePath = 'src/main/webapp', contextLoader = 'org.springframework.boot.test.context.SpringBootContextLoader', parent = [null]]], class annotated with @DirtiesContext [false] with mode [null].
21:21:49.768 [Test worker] DEBUG org.springframework.test.annotation.ProfileValueUtils - Retrieved @ProfileValueSourceConfiguration [null] for test class [shopputil.ShopTest]
21:21:49.768 [Test worker] DEBUG org.springframework.test.annotation.ProfileValueUtils - Retrieved ProfileValueSource type [class org.springframework.test.annotation.SystemProfileValueSource] for class [shopputil.ShopTest]
21:21:49.768 [Test worker] DEBUG org.springframework.test.context.support.DependencyInjectionTestExecutionListener - Performing dependency injection for test context [[DefaultTestContext@5b788e testClass = ShopTest, testInstance = shopputil.ShopTest@1c22dce, testMethod = [null], testException = [null], mergedContextConfiguration = [WebMergedContextConfiguration@12a04c1 testClass = ShopTest, locations = '{}', classes = '{class com.shop.MainApplication, class com.shop.MainApplication}', contextInitializerClasses = '[]', activeProfiles = '{}', propertySourceLocations = '{}', propertySourceProperties = '{org.springframework.boot.test.context.SpringBootTestContextBootstrapper=true, server.port=0}', contextCustomizers = set[org.springframework.boot.test.context.SpringBootTestContextCustomizer@1cf3951, org.springframework.boot.test.context.filter.ExcludeFilterContextCustomizer@1953688, org.springframework.boot.test.mock.mockito.MockitoContextCustomizer@0, org.springframework.boot.test.autoconfigure.properties.PropertyMappingContextCustomizer@0, org.springframework.boot.test.autoconfigure.web.servlet.WebDriverContextCustomizerFactory$Customizer@c476d8], resourceBasePath = 'src/main/webapp', contextLoader = 'org.springframework.boot.test.context.SpringBootContextLoader', parent = [null]]]].
21:21:49.893 [Test worker] DEBUG org.springframework.core.env.StandardEnvironment - Adding [systemProperties] PropertySource with lowest search precedence
21:21:49.893 [Test worker] DEBUG org.springframework.core.env.StandardEnvironment - Adding [systemEnvironment] PropertySource with lowest search precedence
21:21:49.893 [Test worker] DEBUG org.springframework.core.env.StandardEnvironment - Initialized StandardEnvironment with PropertySources [systemProperties,systemEnvironment]
21:21:49.893 [Test worker] DEBUG org.springframework.test.context.support.TestPropertySourceUtils - Adding inlined properties to environment: {spring.jmx.enabled=false, org.springframework.boot.test.context.SpringBootTestContextBootstrapper=true, server.port=0}
21:21:49.893 [Test worker] DEBUG org.springframework.core.env.StandardEnvironment - Adding [Inlined Test Properties] PropertySource with highest search precedence

  .   ____          _            __ _ _
 /\\ / ___'_ __ _ _(_)_ __  __ _ \ \ \ \
( ( )\___ | '_ | '_| | '_ \/ _` | \ \ \ \
 \\/  ___)| |_)| | | | | || (_| |  ) ) ) )
  '  |____| .__|_| |_|_| |_\__, | / / / /
 =========|_|==============|___/=/_/_/_/
 :: Spring Boot ::        (v1.5.2.RELEASE)

2017-05-01 21:21:50.548  INFO 3272 --- [    Test worker] shopputil.ShopTest                       : Starting ShopTest on sam-PC with PID 3272 (started by sam in E:\projects\shopputil)
2017-05-01 21:21:50.548  INFO 3272 --- [    Test worker] shopputil.ShopTest                       : No active profile set, falling back to default profiles: default
2017-05-01 21:21:50.595  INFO 3272 --- [    Test worker] ationConfigEmbeddedWebApplicationContext : Refreshing org.springframework.boot.context.embedded.AnnotationConfigEmbeddedWebApplicationContext@93a58d: startup date [Mon May 01 21:21:50 PDT 2017]; root of context hierarchy
2017-05-01 21:21:53.294  INFO 3272 --- [    Test worker] trationDelegate$BeanPostProcessorChecker : Bean 'org.springframework.transaction.annotation.ProxyTransactionManagementConfiguration' of type [org.springframework.transaction.annotation.ProxyTransactionManagementConfiguration$$EnhancerBySpringCGLIB$$358cce18] is not eligible for getting processed by all BeanPostProcessors (for example: not eligible for auto-proxying)
2017-05-01 21:21:53.871  INFO 3272 --- [    Test worker] s.b.c.e.t.TomcatEmbeddedServletContainer : Tomcat initialized with port(s): 0 (http)
2017-05-01 21:21:53.887  INFO 3272 --- [    Test worker] o.apache.catalina.core.StandardService   : Starting service Tomcat
2017-05-01 21:21:53.887  INFO 3272 --- [    Test worker] org.apache.catalina.core.StandardEngine  : Starting Servlet Engine: Apache Tomcat/8.5.11
2017-05-01 21:21:54.074  INFO 3272 --- [ost-startStop-1] o.a.c.c.C.[.[localhost].[/shop-app]      : Initializing Spring embedded WebApplicationContext
2017-05-01 21:21:54.074  INFO 3272 --- [ost-startStop-1] o.s.web.context.ContextLoader            : Root WebApplicationContext: initialization completed in 3479 ms
2017-05-01 21:21:54.511  INFO 3272 --- [ost-startStop-1] o.s.b.w.servlet.ServletRegistrationBean  : Mapping servlet: 'dispatcherServlet' to [/]
2017-05-01 21:21:54.511  INFO 3272 --- [ost-startStop-1] o.s.b.w.servlet.ServletRegistrationBean  : Mapping servlet: 'webServlet' to [/h2/*]
2017-05-01 21:21:54.511  INFO 3272 --- [ost-startStop-1] o.s.b.w.servlet.FilterRegistrationBean   : Mapping filter: 'metricsFilter' to: [/*]
2017-05-01 21:21:54.511  INFO 3272 --- [ost-startStop-1] o.s.b.w.servlet.FilterRegistrationBean   : Mapping filter: 'characterEncodingFilter' to: [/*]
2017-05-01 21:21:54.511  INFO 3272 --- [ost-startStop-1] o.s.b.w.servlet.FilterRegistrationBean   : Mapping filter: 'hiddenHttpMethodFilter' to: [/*]
2017-05-01 21:21:54.511  INFO 3272 --- [ost-startStop-1] o.s.b.w.servlet.FilterRegistrationBean   : Mapping filter: 'httpPutFormContentFilter' to: [/*]
2017-05-01 21:21:54.511  INFO 3272 --- [ost-startStop-1] o.s.b.w.servlet.FilterRegistrationBean   : Mapping filter: 'requestContextFilter' to: [/*]
2017-05-01 21:21:54.511  INFO 3272 --- [ost-startStop-1] o.s.b.w.servlet.FilterRegistrationBean   : Mapping filter: 'webRequestLoggingFilter' to: [/*]
2017-05-01 21:21:54.511  INFO 3272 --- [ost-startStop-1] o.s.b.w.servlet.FilterRegistrationBean   : Mapping filter: 'applicationContextIdFilter' to: [/*]
2017-05-01 21:21:55.338  INFO 3272 --- [    Test worker] j.LocalContainerEntityManagerFactoryBean : Building JPA container EntityManagerFactory for persistence unit 'default'
2017-05-01 21:21:55.369  INFO 3272 --- [    Test worker] o.hibernate.jpa.internal.util.LogHelper  : HHH000204: Processing PersistenceUnitInfo [
	name: default
	...]
2017-05-01 21:21:55.525  INFO 3272 --- [    Test worker] org.hibernate.Version                    : HHH000412: Hibernate Core {5.0.12.Final}
2017-05-01 21:21:55.525  INFO 3272 --- [    Test worker] org.hibernate.cfg.Environment            : HHH000206: hibernate.properties not found
2017-05-01 21:21:55.525  INFO 3272 --- [    Test worker] org.hibernate.cfg.Environment            : HHH000021: Bytecode provider name : javassist
2017-05-01 21:21:55.618  INFO 3272 --- [    Test worker] o.hibernate.annotations.common.Version   : HCANN000001: Hibernate Commons Annotations {5.0.1.Final}
2017-05-01 21:21:55.837  INFO 3272 --- [    Test worker] org.hibernate.dialect.Dialect            : HHH000400: Using dialect: org.hibernate.dialect.H2Dialect
2017-05-01 21:21:56.726  INFO 3272 --- [    Test worker] org.hibernate.tool.hbm2ddl.SchemaExport  : HHH000227: Running hbm2ddl schema export
2017-05-01 21:21:56.757  INFO 3272 --- [    Test worker] org.hibernate.tool.hbm2ddl.SchemaExport  : HHH000230: Schema export complete
2017-05-01 21:21:56.835  INFO 3272 --- [    Test worker] j.LocalContainerEntityManagerFactoryBean : Initialized JPA EntityManagerFactory for persistence unit 'default'
2017-05-01 21:21:58.184  INFO 3272 --- [    Test worker] s.w.s.m.m.a.RequestMappingHandlerAdapter : Looking for @ControllerAdvice: org.springframework.boot.context.embedded.AnnotationConfigEmbeddedWebApplicationContext@93a58d: startup date [Mon May 01 21:21:50 PDT 2017]; root of context hierarchy
2017-05-01 21:21:58.324  INFO 3272 --- [    Test worker] s.w.s.m.m.a.RequestMappingHandlerMapping : Mapped "{[/test]}" onto public java.lang.String com.shop.api.ShopApi.getData()
2017-05-01 21:21:58.324  INFO 3272 --- [    Test worker] s.w.s.m.m.a.RequestMappingHandlerMapping : Mapped "{[/shops],methods=[POST],consumes=[application/json]}" onto public org.springframework.http.ResponseEntity<com.shop.domain.ShopResponse> com.shop.api.ShopApi.addShops(com.shop.domain.Shops) throws java.io.IOException,java.lang.Exception
2017-05-01 21:21:58.324  INFO 3272 --- [    Test worker] s.w.s.m.m.a.RequestMappingHandlerMapping : Mapped "{[/shop],methods=[GET]}" onto public com.shop.response.NearestShopResponse com.shop.api.ShopApi.getNearestShop(java.lang.String,java.lang.String)
2017-05-01 21:21:58.340  INFO 3272 --- [    Test worker] s.w.s.m.m.a.RequestMappingHandlerMapping : Mapped "{[/error]}" onto public org.springframework.http.ResponseEntity<java.util.Map<java.lang.String, java.lang.Object>> org.springframework.boot.autoconfigure.web.BasicErrorController.error(javax.servlet.http.HttpServletRequest)
2017-05-01 21:21:58.340  INFO 3272 --- [    Test worker] s.w.s.m.m.a.RequestMappingHandlerMapping : Mapped "{[/error],produces=[text/html]}" onto public org.springframework.web.servlet.ModelAndView org.springframework.boot.autoconfigure.web.BasicErrorController.errorHtml(javax.servlet.http.HttpServletRequest,javax.servlet.http.HttpServletResponse)
2017-05-01 21:21:58.402  INFO 3272 --- [    Test worker] o.s.w.s.handler.SimpleUrlHandlerMapping  : Mapped URL path [/webjars/**] onto handler of type [class org.springframework.web.servlet.resource.ResourceHttpRequestHandler]
2017-05-01 21:21:58.402  INFO 3272 --- [    Test worker] o.s.w.s.handler.SimpleUrlHandlerMapping  : Mapped URL path [/**] onto handler of type [class org.springframework.web.servlet.resource.ResourceHttpRequestHandler]
2017-05-01 21:21:58.433  INFO 3272 --- [    Test worker] .m.m.a.ExceptionHandlerExceptionResolver : Detected @ExceptionHandler methods in globalExceptionHandler
2017-05-01 21:21:58.480  INFO 3272 --- [    Test worker] o.s.w.s.handler.SimpleUrlHandlerMapping  : Mapped URL path [/**/favicon.ico] onto handler of type [class org.springframework.web.servlet.resource.ResourceHttpRequestHandler]
2017-05-01 21:21:59.075  INFO 3272 --- [    Test worker] o.s.b.a.e.mvc.EndpointHandlerMapping     : Mapped "{[/info || /info.json],methods=[GET],produces=[application/vnd.spring-boot.actuator.v1+json || application/json]}" onto public java.lang.Object org.springframework.boot.actuate.endpoint.mvc.EndpointMvcAdapter.invoke()
2017-05-01 21:21:59.075  INFO 3272 --- [    Test worker] o.s.b.a.e.mvc.EndpointHandlerMapping     : Mapped "{[/env/{name:.*}],methods=[GET],produces=[application/vnd.spring-boot.actuator.v1+json || application/json]}" onto public java.lang.Object org.springframework.boot.actuate.endpoint.mvc.EnvironmentMvcEndpoint.value(java.lang.String)
2017-05-01 21:21:59.075  INFO 3272 --- [    Test worker] o.s.b.a.e.mvc.EndpointHandlerMapping     : Mapped "{[/env || /env.json],methods=[GET],produces=[application/vnd.spring-boot.actuator.v1+json || application/json]}" onto public java.lang.Object org.springframework.boot.actuate.endpoint.mvc.EndpointMvcAdapter.invoke()
2017-05-01 21:21:59.075  INFO 3272 --- [    Test worker] o.s.b.a.e.mvc.EndpointHandlerMapping     : Mapped "{[/heapdump || /heapdump.json],methods=[GET],produces=[application/octet-stream]}" onto public void org.springframework.boot.actuate.endpoint.mvc.HeapdumpMvcEndpoint.invoke(boolean,javax.servlet.http.HttpServletRequest,javax.servlet.http.HttpServletResponse) throws java.io.IOException,javax.servlet.ServletException
2017-05-01 21:21:59.075  INFO 3272 --- [    Test worker] o.s.b.a.e.mvc.EndpointHandlerMapping     : Mapped "{[/mappings || /mappings.json],methods=[GET],produces=[application/vnd.spring-boot.actuator.v1+json || application/json]}" onto public java.lang.Object org.springframework.boot.actuate.endpoint.mvc.EndpointMvcAdapter.invoke()
2017-05-01 21:21:59.075  INFO 3272 --- [    Test worker] o.s.b.a.e.mvc.EndpointHandlerMapping     : Mapped "{[/dump || /dump.json],methods=[GET],produces=[application/vnd.spring-boot.actuator.v1+json || application/json]}" onto public java.lang.Object org.springframework.boot.actuate.endpoint.mvc.EndpointMvcAdapter.invoke()
2017-05-01 21:21:59.075  INFO 3272 --- [    Test worker] o.s.b.a.e.mvc.EndpointHandlerMapping     : Mapped "{[/health || /health.json],methods=[GET],produces=[application/vnd.spring-boot.actuator.v1+json || application/json]}" onto public java.lang.Object org.springframework.boot.actuate.endpoint.mvc.HealthMvcEndpoint.invoke(javax.servlet.http.HttpServletRequest,java.security.Principal)
2017-05-01 21:21:59.075  INFO 3272 --- [    Test worker] o.s.b.a.e.mvc.EndpointHandlerMapping     : Mapped "{[/auditevents || /auditevents.json],methods=[GET],produces=[application/vnd.spring-boot.actuator.v1+json || application/json]}" onto public org.springframework.http.ResponseEntity<?> org.springframework.boot.actuate.endpoint.mvc.AuditEventsMvcEndpoint.findByPrincipalAndAfterAndType(java.lang.String,java.util.Date,java.lang.String)
2017-05-01 21:21:59.075  INFO 3272 --- [    Test worker] o.s.b.a.e.mvc.EndpointHandlerMapping     : Mapped "{[/trace || /trace.json],methods=[GET],produces=[application/vnd.spring-boot.actuator.v1+json || application/json]}" onto public java.lang.Object org.springframework.boot.actuate.endpoint.mvc.EndpointMvcAdapter.invoke()
2017-05-01 21:21:59.075  INFO 3272 --- [    Test worker] o.s.b.a.e.mvc.EndpointHandlerMapping     : Mapped "{[/metrics/{name:.*}],methods=[GET],produces=[application/vnd.spring-boot.actuator.v1+json || application/json]}" onto public java.lang.Object org.springframework.boot.actuate.endpoint.mvc.MetricsMvcEndpoint.value(java.lang.String)
2017-05-01 21:21:59.075  INFO 3272 --- [    Test worker] o.s.b.a.e.mvc.EndpointHandlerMapping     : Mapped "{[/metrics || /metrics.json],methods=[GET],produces=[application/vnd.spring-boot.actuator.v1+json || application/json]}" onto public java.lang.Object org.springframework.boot.actuate.endpoint.mvc.EndpointMvcAdapter.invoke()
2017-05-01 21:21:59.091  INFO 3272 --- [    Test worker] o.s.b.a.e.mvc.EndpointHandlerMapping     : Mapped "{[/loggers/{name:.*}],methods=[GET],produces=[application/vnd.spring-boot.actuator.v1+json || application/json]}" onto public java.lang.Object org.springframework.boot.actuate.endpoint.mvc.LoggersMvcEndpoint.get(java.lang.String)
2017-05-01 21:21:59.091  INFO 3272 --- [    Test worker] o.s.b.a.e.mvc.EndpointHandlerMapping     : Mapped "{[/loggers/{name:.*}],methods=[POST],consumes=[application/vnd.spring-boot.actuator.v1+json || application/json],produces=[application/vnd.spring-boot.actuator.v1+json || application/json]}" onto public java.lang.Object org.springframework.boot.actuate.endpoint.mvc.LoggersMvcEndpoint.set(java.lang.String,java.util.Map<java.lang.String, java.lang.String>)
2017-05-01 21:21:59.091  INFO 3272 --- [    Test worker] o.s.b.a.e.mvc.EndpointHandlerMapping     : Mapped "{[/loggers || /loggers.json],methods=[GET],produces=[application/vnd.spring-boot.actuator.v1+json || application/json]}" onto public java.lang.Object org.springframework.boot.actuate.endpoint.mvc.EndpointMvcAdapter.invoke()
2017-05-01 21:21:59.091  INFO 3272 --- [    Test worker] o.s.b.a.e.mvc.EndpointHandlerMapping     : Mapped "{[/beans || /beans.json],methods=[GET],produces=[application/vnd.spring-boot.actuator.v1+json || application/json]}" onto public java.lang.Object org.springframework.boot.actuate.endpoint.mvc.EndpointMvcAdapter.invoke()
2017-05-01 21:21:59.091  INFO 3272 --- [    Test worker] o.s.b.a.e.mvc.EndpointHandlerMapping     : Mapped "{[/autoconfig || /autoconfig.json],methods=[GET],produces=[application/vnd.spring-boot.actuator.v1+json || application/json]}" onto public java.lang.Object org.springframework.boot.actuate.endpoint.mvc.EndpointMvcAdapter.invoke()
2017-05-01 21:21:59.091  INFO 3272 --- [    Test worker] o.s.b.a.e.mvc.EndpointHandlerMapping     : Mapped "{[/configprops || /configprops.json],methods=[GET],produces=[application/vnd.spring-boot.actuator.v1+json || application/json]}" onto public java.lang.Object org.springframework.boot.actuate.endpoint.mvc.EndpointMvcAdapter.invoke()
2017-05-01 21:21:59.512  INFO 3272 --- [    Test worker] s.b.c.e.t.TomcatEmbeddedServletContainer : Tomcat started on port(s): 58501 (http)
2017-05-01 21:21:59.527  INFO 3272 --- [    Test worker] shopputil.ShopTest                       : Started ShopTest in 9.634 seconds (JVM running for 11.048)
2017-05-01 21:22:00.073  INFO 3272 --- [o-auto-1-exec-1] o.a.c.c.C.[.[localhost].[/shop-app]      : Initializing Spring FrameworkServlet 'dispatcherServlet'
2017-05-01 21:22:00.073  INFO 3272 --- [o-auto-1-exec-1] o.s.web.servlet.DispatcherServlet        : FrameworkServlet 'dispatcherServlet': initialization started
2017-05-01 21:22:00.105  INFO 3272 --- [o-auto-1-exec-1] o.s.web.servlet.DispatcherServlet        : FrameworkServlet 'dispatcherServlet': initialization completed in 32 ms
2017-05-01 21:22:00.198  INFO 3272 --- [o-auto-1-exec-1] com.google.maps.OkHttpRequestHandler     : Request: https://maps.googleapis.com/maps/api/geocode/json?key=AIzaSyDd7PFsJM1QIcs2yVvvjtTLRJF0k6X9NWM&address=+Magarpatta+City%2CHadapsar+Pune+Maharashtra+411028+
18.5158057:73.9271644
2017-05-01 21:22:01.431  INFO 3272 --- [o-auto-1-exec-1] o.h.h.i.QueryTranslatorFactoryInitiator  : HHH000397: Using ASTQueryTranslatorFactory
2017-05-01 21:22:01.665  INFO 3272 --- [o-auto-1-exec-1] com.shop.service.ShopServiceImpl         : Shops Added Successfully.. 
2017-05-01 21:22:01.758  INFO 3272 --- [o-auto-1-exec-1] com.google.maps.OkHttpRequestHandler     : Request: https://maps.googleapis.com/maps/api/geocode/json?key=AIzaSyDd7PFsJM1QIcs2yVvvjtTLRJF0k6X9NWM&address=+Magarpatta+City%2CHadapsar+Pune+Maharashtra+411013+
18.5092075:73.9119303
2017-05-01 21:22:01.914  INFO 3272 --- [o-auto-1-exec-1] com.shop.service.ShopServiceImpl         : Shops Added Successfully.. 
2017-05-01 21:22:02.039  INFO 3272 --- [o-auto-1-exec-2] com.shop.api.ShopApi                     : Nearest Shop found..
2017-05-01 21:22:02.039  INFO 3272 --- [o-auto-1-exec-2] com.shop.api.ShopApi                     : Nearest shop=Shop [shopname=Destination Centre, address= Magarpatta City,Hadapsar Pune Maharashtra 411028 , longitude=73.9271644, lattitude=18.5158057]
]]></system-out>
  <system-err><![CDATA[]]></system-err>
</testsuite>
